<?xml version="1.0" encoding="windows-1252" standalone="no"?>
<!DOCTYPE log SYSTEM "logger.dtd">
<log>
<record>
  <date>2019-08-29T15:57:28</date>
  <millis>1567074448238</millis>
  <sequence>0</sequence>
  <logger>com.mufg.mdm.log</logger>
  <level>SEVERE</level>
  <class>com.javadev.file.WriteLogEntriesToLogFile</class>
  <method>main</method>
  <thread>1</thread>
  <message>severe message</message>
</record>
<record>
  <date>2019-08-29T15:57:28</date>
  <millis>1567074448280</millis>
  <sequence>1</sequence>
  <logger>com.mufg.mdm.log</logger>
  <level>WARNING</level>
  <class>com.javadev.file.WriteLogEntriesToLogFile</class>
  <method>main</method>
  <thread>1</thread>
  <message>warning message</message>
</record>
<record>
  <date>2019-08-29T15:57:28</date>
  <millis>1567074448281</millis>
  <sequence>2</sequence>
  <logger>com.mufg.mdm.log</logger>
  <level>INFO</level>
  <class>com.javadev.file.WriteLogEntriesToLogFile</class>
  <method>main</method>
  <thread>1</thread>
  <message>info message</message>
</record>
</log>
<?xml version="1.0" encoding="windows-1252" standalone="no"?>
<!DOCTYPE log SYSTEM "logger.dtd">
<log>
<record>
  <date>2019-08-29T15:58:04</date>
  <millis>1567074484052</millis>
  <sequence>0</sequence>
  <logger>com.mufg.mdm.log</logger>
  <level>SEVERE</level>
  <class>com.javadev.file.WriteLogEntriesToLogFile</class>
  <method>main</method>
  <thread>1</thread>
  <message>severe message</message>
</record>
<record>
  <date>2019-08-29T15:58:04</date>
  <millis>1567074484078</millis>
  <sequence>1</sequence>
  <logger>com.mufg.mdm.log</logger>
  <level>WARNING</level>
  <class>com.javadev.file.WriteLogEntriesToLogFile</class>
  <method>main</method>
  <thread>1</thread>
  <message>warning message</message>
</record>
<record>
  <date>2019-08-29T15:58:04</date>
  <millis>1567074484079</millis>
  <sequence>2</sequence>
  <logger>com.mufg.mdm.log</logger>
  <level>INFO</level>
  <class>com.javadev.file.WriteLogEntriesToLogFile</class>
  <method>main</method>
  <thread>1</thread>
  <message>info message</message>
</record>
</log>
